<?xml version="1.0" encoding="UTF-8"?>
<testng-results skipped="0" failed="0" total="1" passed="1">
  <reporter-output>
  </reporter-output>
  <suite name="Suite" duration-ms="10512" started-at="2021-01-10T09:27:36Z" finished-at="2021-01-10T09:27:46Z">
    <groups>
    </groups>
    <test name="Test" duration-ms="10512" started-at="2021-01-10T09:27:36Z" finished-at="2021-01-10T09:27:46Z">
      <class name="org.project.task3.Flight_BlazeDemo">
        <test-method status="PASS" signature="tc1(java.lang.String, java.lang.String, java.lang.String, java.lang.String, java.lang.String, java.lang.String, java.lang.String, java.lang.String, java.lang.String, java.lang.String)[pri:0, instance:org.project.task3.Flight_BlazeDemo@18be83e4]" name="tc1" duration-ms="10495" started-at="2021-01-10T14:57:36Z" finished-at="2021-01-10T14:57:46Z">
          <params>
            <param index="0">
              <value>
                <![CDATA[Poornima]]>
              </value>
            </param>
            <param index="1">
              <value>
                <![CDATA[7/152,Street,colony,city,Pin-123456]]>
              </value>
            </param>
            <param index="2">
              <value>
                <![CDATA[Sivakasi]]>
              </value>
            </param>
            <param index="3">
              <value>
                <![CDATA[TamilNadu]]>
              </value>
            </param>
            <param index="4">
              <value>
                <![CDATA[123456]]>
              </value>
            </param>
            <param index="5">
              <value>
                <![CDATA[Visa]]>
              </value>
            </param>
            <param index="6">
              <value>
                <![CDATA[8745612312345678]]>
              </value>
            </param>
            <param index="7">
              <value>
                <![CDATA[10]]>
              </value>
            </param>
            <param index="8">
              <value>
                <![CDATA[2024]]>
              </value>
            </param>
            <param index="9">
              <value>
                <![CDATA[Poornima]]>
              </value>
            </param>
          </params>
          <reporter-output>
          </reporter-output>
        </test-method> <!-- tc1 -->
      </class> <!-- org.project.task3.Flight_BlazeDemo -->
    </test> <!-- Test -->
  </suite> <!-- Suite -->
</testng-results>
